c:\users\aleys\desktop\uni year 4\honours project\demo\demo\demo\x64\debug\vc142.pdb
c:\users\aleys\desktop\uni year 4\honours project\demo\demo\demo\x64\debug\vc142.idb
c:\users\aleys\desktop\uni year 4\honours project\demo\demo\demo\x64\debug\scenemanager.obj
c:\users\aleys\desktop\uni year 4\honours project\demo\demo\demo\x64\debug\pathfinding.obj
c:\users\aleys\desktop\uni year 4\honours project\demo\demo\demo\x64\debug\grid.obj
c:\users\aleys\desktop\uni year 4\honours project\demo\demo\demo\x64\debug\npc.obj
c:\users\aleys\desktop\uni year 4\honours project\demo\demo\demo\x64\debug\node.obj
c:\users\aleys\desktop\uni year 4\honours project\demo\demo\demo\x64\debug\memories.obj
c:\users\aleys\desktop\uni year 4\honours project\demo\demo\demo\x64\debug\mainscene.obj
c:\users\aleys\desktop\uni year 4\honours project\demo\demo\demo\x64\debug\main.obj
c:\users\aleys\desktop\uni year 4\honours project\demo\demo\demo\x64\debug\line.obj
c:\users\aleys\desktop\uni year 4\honours project\demo\demo\demo\x64\debug\input.obj
c:\users\aleys\desktop\uni year 4\honours project\demo\demo\demo\x64\debug\infowindow.obj
c:\users\aleys\desktop\uni year 4\honours project\demo\demo\demo\x64\debug\gridpiece.obj
c:\users\aleys\desktop\uni year 4\honours project\demo\demo\demo\x64\debug\generalfunctions.obj
c:\users\aleys\desktop\uni year 4\honours project\demo\demo\demo\x64\debug\gameobject.obj
c:\users\aleys\desktop\uni year 4\honours project\demo\demo\demo\x64\debug\enemy.obj
c:\users\aleys\desktop\uni year 4\honours project\demo\demo\demo\x64\debug\character.obj
c:\users\aleys\desktop\uni year 4\honours project\demo\demo\demo\x64\debug\button.obj
c:\users\aleys\desktop\uni year 4\honours project\demo\demo\demo\x64\debug\scene.obj
c:\users\aleys\desktop\uni year 4\honours project\demo\demo\demo\x64\debug\menuscene.obj
c:\users\aleys\desktop\uni year 4\honours project\demo\demo\demo\x64\debug\turnmanager.obj
c:\users\aleys\desktop\uni year 4\honours project\demo\demo\demo\x64\debug\failurescene.obj
c:\users\aleys\desktop\uni year 4\honours project\demo\demo\demo\x64\debug\location.obj
c:\users\aleys\desktop\uni year 4\honours project\demo\demo\demo\x64\debug\locationscene.obj
c:\users\aleys\desktop\uni year 4\honours project\demo\demo\demo\x64\debug\player.obj
c:\users\aleys\desktop\uni year 4\honours project\demo\demo\demo\x64\debug\generalvariables.obj
c:\users\aleys\desktop\uni year 4\honours project\demo\demo\demo\x64\debug\charactermanager.obj
c:\users\aleys\desktop\uni year 4\honours project\demo\demo\demo\x64\debug\resourcemanager.obj
c:\users\aleys\desktop\uni year 4\honours project\demo\demo\demo\x64\debug\locationmanager.obj
c:\users\aleys\desktop\uni year 4\honours project\demo\demo\demo\x64\debug\gridobject.obj
c:\users\aleys\desktop\uni year 4\honours project\demo\demo\demo\x64\debug\tasklocation.obj
c:\users\aleys\desktop\uni year 4\honours project\demo\demo\demo\x64\debug\task.obj
c:\users\aleys\desktop\uni year 4\honours project\demo\demo\demo\x64\debug\thingstodoatlocation.obj
c:\users\aleys\desktop\uni year 4\honours project\demo\demo\demo\x64\debug\quest.obj
c:\users\aleys\desktop\uni year 4\honours project\demo\demo\demo\x64\debug\statsandinventoryscene.obj
c:\users\aleys\desktop\uni year 4\honours project\demo\demo\demo\x64\debug\questlocation.obj
c:\users\aleys\desktop\uni year 4\honours project\demo\demo\demo\x64\debug\questmanager.obj
c:\users\aleys\desktop\uni year 4\honours project\demo\demo\demo\x64\debug\icon.obj
c:\users\aleys\desktop\uni year 4\honours project\demo\demo\demo\x64\debug\vcpkg.applocal.log
c:\users\aleys\desktop\uni year 4\honours project\demo\demo\x64\debug\sfml-graphics-d-2.dll
c:\users\aleys\desktop\uni year 4\honours project\demo\demo\x64\debug\sfml-window-d-2.dll
c:\users\aleys\desktop\uni year 4\honours project\demo\demo\x64\debug\sfml-system-d-2.dll
c:\users\aleys\desktop\uni year 4\honours project\demo\demo\x64\debug\freetyped.dll
c:\users\aleys\desktop\uni year 4\honours project\demo\demo\x64\debug\zlibd1.dll
c:\users\aleys\desktop\uni year 4\honours project\demo\demo\x64\debug\bz2d.dll
c:\users\aleys\desktop\uni year 4\honours project\demo\demo\x64\debug\libpng16d.dll
c:\users\aleys\desktop\uni year 4\honours project\demo\demo\x64\debug\demo.exe
c:\users\aleys\desktop\uni year 4\honours project\demo\demo\x64\debug\demo.ilk
c:\users\aleys\desktop\uni year 4\honours project\demo\demo\x64\debug\demo.pdb
c:\users\aleys\desktop\uni year 4\honours project\demo\demo\demo\x64\debug\pathfinding.obj.enc
c:\users\aleys\desktop\uni year 4\honours project\demo\demo\demo\x64\debug\demo.tlog\cl.command.1.tlog
c:\users\aleys\desktop\uni year 4\honours project\demo\demo\demo\x64\debug\demo.tlog\cl.read.1.tlog
c:\users\aleys\desktop\uni year 4\honours project\demo\demo\demo\x64\debug\demo.tlog\cl.write.1.tlog
c:\users\aleys\desktop\uni year 4\honours project\demo\demo\demo\x64\debug\demo.tlog\demo.write.1u.tlog
c:\users\aleys\desktop\uni year 4\honours project\demo\demo\demo\x64\debug\demo.tlog\link.command.1.tlog
c:\users\aleys\desktop\uni year 4\honours project\demo\demo\demo\x64\debug\demo.tlog\link.read.1.tlog
c:\users\aleys\desktop\uni year 4\honours project\demo\demo\demo\x64\debug\demo.tlog\link.write.1.tlog
